Removed Pin From Net: NetName=+3.3 Pin=C1-1
Removed Pin From Net: NetName=GND Pin=C1-2
Removed Pin From Net: NetName=+3.3 Pin=C3-1
Removed Pin From Net: NetName=GND Pin=C3-2
Removed Pin From Net: NetName=GND Pin=P1-5
Removed Pin From Net: NetName=GND Pin=R1-2
Removed Pin From Net: NetName=CE Pin=U1-11
Removed Pin From Net: NetName=CSN Pin=U1-14
Removed Pin From Net: NetName=CCS881_IRQ Pin=U1-19
Removed Pin From Net: NetName=nRF_IRQ Pin=U1-20
Removed Pin From Net: NetName=GND Pin=U1-23
Removed Pin From Net: NetName=+3.3 Pin=U1-24
Removed Pin From Net: NetName=BME_CS Pin=U1-28
Removed Pin From Net: NetName=SYS_JTMS_SWDIO Pin=U1-34
Removed Pin From Net: NetName=GND Pin=U1-35
Removed Pin From Net: NetName=+3.3 Pin=U1-36
Removed Pin From Net: NetName=SYS_JTCK_SWCLK Pin=U1-37
Removed Pin From Net: NetName=SPI_SCK Pin=U1-39
Removed Pin From Net: NetName=SPI_MISO Pin=U1-40
Removed Pin From Net: NetName=SPI_MOSI Pin=U1-41
Removed Pin From Net: NetName=I2C_SCL Pin=U1-42
Removed Pin From Net: NetName=I2C_SDA Pin=U1-43
Removed Pin From Net: NetName=GND Pin=U1-47
Removed Pin From Net: NetName=+3.3 Pin=U1-48
Change Component Footprint: Designator=C1 Old Footprint=FP-CGA6P-IPC_A New Footprint=CAPC3216X180X55LL20T25
Change Component Footprint: Designator=C3 Old Footprint=FP-CGA6P-IPC_A New Footprint=CAPC3216X180X55LL20T25
Change Component Footprint: Designator=C2 Old Footprint=FP-CGA6P-IPC_A New Footprint=FP-1206-L_3_2_0_2-W_1_6_0-IPC_B
Change Component Footprint: Designator=P1 Old Footprint=HDR1X5H New Footprint=61300411021
Change Component Footprint: Designator=U1 Old Footprint=STM-UFQFPN48_N New Footprint=FP-UFQFPN28-A0B0-MFG
Change Component Comment : Designator=C2 Old Comment=CGA6M3X7R2E104K200AE New Comment=12061C105KAT2A
Change Component Comment : Designator=C1 Old Comment=CGA6M3X7R2E104K200AE New Comment=GRM31C5C1E104JA01L
Change Component Comment : Designator=C3 Old Comment=CGA6M3X7R2E104K200AE New Comment=GRM31C5C1E104JA01L
Change Component Comment : Designator=P1 Old Comment=Header 5H New Comment=61300411021
Change Component Comment : Designator=U1 Old Comment=STM32F401CCU6 New Comment=STM32L031G6U6
Change Managed Component Library Link : Designator=C1 Old VaultGUID=B7D15EC3-160A-466F-A46C-7801FE6295A7 New VaultGUID=B7D15EC3-160A-466F-A46C-7801FE6295A7 Old ItemGUID=402E6455-DB24-4396-B747-D3013F2809C0 New ItemGUID=D88D612D-0F3B-445A-989E-F121AE04ECC6 Old RevisionGUID=CD41EECA-35A6-4D89-BB74-90E322BECF4A New RevisionGUID=0BB62AB1-3EF1-4E86-82D7-9EA95B919DB1
Change Managed Component Library Link : Designator=C2 Old VaultGUID=B7D15EC3-160A-466F-A46C-7801FE6295A7 New VaultGUID=B7D15EC3-160A-466F-A46C-7801FE6295A7 Old ItemGUID=402E6455-DB24-4396-B747-D3013F2809C0 New ItemGUID=AE5B1179-85D2-4DD8-AC5C-60D9C5B9B7DE Old RevisionGUID=CD41EECA-35A6-4D89-BB74-90E322BECF4A New RevisionGUID=82BDA741-958A-4BDB-814A-4DE8B357956D
Change Managed Component Library Link : Designator=C3 Old VaultGUID=B7D15EC3-160A-466F-A46C-7801FE6295A7 New VaultGUID=B7D15EC3-160A-466F-A46C-7801FE6295A7 Old ItemGUID=402E6455-DB24-4396-B747-D3013F2809C0 New ItemGUID=D88D612D-0F3B-445A-989E-F121AE04ECC6 Old RevisionGUID=CD41EECA-35A6-4D89-BB74-90E322BECF4A New RevisionGUID=0BB62AB1-3EF1-4E86-82D7-9EA95B919DB1
Change Managed Component Library Link : Designator=U1 Old VaultGUID=B7D15EC3-160A-466F-A46C-7801FE6295A7 New VaultGUID=B7D15EC3-160A-466F-A46C-7801FE6295A7 Old ItemGUID=F39DAE9B-E512-4991-8A9D-2BE01C552286 New ItemGUID=257AF4A0-5248-49B7-ACEE-D26919FC8396 Old RevisionGUID=72B65C8B-7DC7-4DCF-999E-A8D05F809D12 New RevisionGUID=4873CEFA-E96C-4C89-AFA3-46E66FBD0878
Change Managed Component Library Link : Designator=P1 Old VaultGUID= New VaultGUID=B7D15EC3-160A-466F-A46C-7801FE6295A7 Old ItemGUID= New ItemGUID=619C8A5C-2075-4D5E-860C-2E282339CB54 Old RevisionGUID= New RevisionGUID=2CB701CE-5215-4864-BB08-DD7F730A56EC
Change component parameters: Designator = "C1" ("C1"); Footprint = "FP-CGA6P-IPC_A"; UniqueID = "\AITOHZAA" ("\AITOHZAA")
Change component parameters (AddParameter): Name = "Capacitance"; Value = "0.1µF"; VariantName = "[No Variations]"
Change component parameters (AddParameter): Name = "Capacitance Tolerance"; Value = "±5%"; VariantName = "[No Variations]"
Change component parameters (AddParameter): Name = "Capacitor Case Style"; Value = "1206[3216Metric]"; VariantName = "[No Variations]"
Change component parameters (AddParameter): Name = "Capacitor Terminals"; Value = "SMD"; VariantName = "[No Variations]"
Change component parameters (AddParameter): Name = "Datasheet URL"; Value = "https://datasheet.ciiva.com/3777/11308grm31c5c1e104ja0123-3777177.pdf"; VariantName = "[No Variations]"
Change component parameters (AddParameter): Name = "Datasheet Version"; Value = "09/2014"; VariantName = "[No Variations]"
Change component parameters (AddParameter): Name = "Dielectric Characteristic"; Value = "C0G/NP0"; VariantName = "[No Variations]"
Change component parameters (AddParameter): Name = "External Length / Height"; Value = "1mm"; VariantName = "[No Variations]"
Change component parameters (AddParameter): Name = "External Width"; Value = "0.5mm"; VariantName = "[No Variations]"
Change component parameters (AddParameter): Name = "Insulation Resistance"; Value = "10000Mohm"; VariantName = "[No Variations]"
Change component parameters (AddParameter): Name = "Lead Spacing"; Value = "–"; VariantName = "[No Variations]"
Change component parameters (AddParameter): Name = "Manufacturer"; Value = "Murata"; VariantName = "[No Variations]"
Change component parameters (AddParameter): Name = "Manufacturer URL"; Value = "http://www.murata.com/"; VariantName = "[No Variations]"
Change component parameters (AddParameter): Name = "Mounting Technology"; Value = "SurfaceMount"; VariantName = "[No Variations]"
Change component parameters (AddParameter): Name = "MSL"; Value = "–"; VariantName = "[No Variations]"
Change component parameters (AddParameter): Name = "No. of Pins"; Value = "2"; VariantName = "[No Variations]"
Change component parameters (AddParameter): Name = "Operating Temperature Max"; Value = "125°C"; VariantName = "[No Variations]"
Change component parameters (AddParameter): Name = "Operating Temperature Min"; Value = "-55°C"; VariantName = "[No Variations]"
Change component parameters (AddParameter): Name = "Operating Temperature Range"; Value = "-55°Cto+125°C"; VariantName = "[No Variations]"
Change component parameters (AddParameter): Name = "Package / Case"; Value = "1206"; VariantName = "[No Variations]"
Change component parameters (AddParameter): Name = "Package Description"; Value = "2-Pin Surface Mount Device, Body 3.2 x 1.6 mm"; VariantName = "[No Variations]"
Change component parameters (AddParameter): Name = "Package Reference"; Value = "1206"; VariantName = "[No Variations]"
Change component parameters (AddParameter): Name = "Reel Quantity"; Value = "2000"; VariantName = "[No Variations]"
Change component parameters (AddParameter): Name = "SVHC"; Value = "NoSVHC(19-Dec-2012)"; VariantName = "[No Variations]"
Change component parameters (AddParameter): Name = "Temperature Coefficient"; Value = "0ppm/°C±30ppm/°C"; VariantName = "[No Variations]"
Change component parameters (AddParameter): Name = "Terminal Type"; Value = "SurfaceMount(SMD,SMT)"; VariantName = "[No Variations]"
Change component parameters (AddParameter): Name = "Tolerance +"; Value = "5%"; VariantName = "[No Variations]"
Change component parameters (AddParameter): Name = "Tolerance -"; Value = "5%"; VariantName = "[No Variations]"
Change component parameters (AddParameter): Name = "Voltage Rating"; Value = "25V"; VariantName = "[No Variations]"
Change component parameters (AddParameter): Name = "Voltage Rating V DC"; Value = "25V"; VariantName = "[No Variations]"
Change component parameters: Designator = "C2" ("C2"); Footprint = "FP-CGA6P-IPC_A"; UniqueID = "\QLIPNCVR" ("\QLIPNCVR")
Change component parameters (AddParameter): Name = "Capacitance"; Value = "1uF"; VariantName = "[No Variations]"
Change component parameters (AddParameter): Name = "Case Code (Imperial)"; Value = "1206"; VariantName = "[No Variations]"
Change component parameters (AddParameter): Name = "Case Code (Metric)"; Value = "3216"; VariantName = "[No Variations]"
Change component parameters (AddParameter): Name = "Case/Package"; Value = "1206"; VariantName = "[No Variations]"
Change component parameters (AddParameter): Name = "Construction"; Value = "Flat"; VariantName = "[No Variations]"
Change component parameters (AddParameter): Name = "Depth"; Value = "1.6mm"; VariantName = "[No Variations]"
Change component parameters (AddParameter): Name = "Dielectric"; Value = "X7R"; VariantName = "[No Variations]"
Change component parameters (AddParameter): Name = "Height"; Value = "1.78mm"; VariantName = "[No Variations]"
Change component parameters (AddParameter): Name = "Lead Free"; Value = "Lead Free"; VariantName = "[No Variations]"
Change component parameters (AddParameter): Name = "Lead Pitch"; Value = "5.08mm"; VariantName = "[No Variations]"
Change component parameters (AddParameter): Name = "Length"; Value = "3.2mm"; VariantName = "[No Variations]"
Change component parameters (AddParameter): Name = "Max Operating Temperature"; Value = "125°C"; VariantName = "[No Variations]"
Change component parameters (AddParameter): Name = "Min Operating Temperature"; Value = "-55°C"; VariantName = "[No Variations]"
Change component parameters (AddParameter): Name = "Mount"; Value = "Surface Mount"; VariantName = "[No Variations]"
Change component parameters (AddParameter): Name = "Number of Pins"; Value = "2"; VariantName = "[No Variations]"
Change component parameters (AddParameter): Name = "Package Quantity"; Value = "2000"; VariantName = "[No Variations]"
Change component parameters (AddParameter): Name = "Packaging"; Value = "Tape and Reel"; VariantName = "[No Variations]"
Change component parameters (AddParameter): Name = "Radiation Hardening"; Value = "No"; VariantName = "[No Variations]"
Change component parameters (AddParameter): Name = "REACH SVHC"; Value = "No SVHC"; VariantName = "[No Variations]"
Change component parameters (AddParameter): Name = "RoHS Compliant"; Value = "Yes"; VariantName = "[No Variations]"
Change component parameters (AddParameter): Name = "Series"; Value = "-"; VariantName = "[No Variations]"
Change component parameters (AddParameter): Name = "Termination"; Value = "SMD/SMT"; VariantName = "[No Variations]"
Change component parameters (AddParameter): Name = "Thickness"; Value = "0.07inch"; VariantName = "[No Variations]"
Change component parameters (AddParameter): Name = "Tolerance"; Value = "10%"; VariantName = "[No Variations]"
Change component parameters (AddParameter): Name = "Voltage"; Value = "100V"; VariantName = "[No Variations]"
Change component parameters (AddParameter): Name = "Voltage Rating"; Value = "100V"; VariantName = "[No Variations]"
Change component parameters (AddParameter): Name = "Voltage Rating (DC)"; Value = "100V"; VariantName = "[No Variations]"
Change component parameters (AddParameter): Name = "Width"; Value = "0.063inch"; VariantName = "[No Variations]"
Change component parameters: Designator = "C3" ("C3"); Footprint = "FP-CGA6P-IPC_A"; UniqueID = "\QODFIUXW" ("\QODFIUXW")
Change component parameters (AddParameter): Name = "Capacitance"; Value = "0.1µF"; VariantName = "[No Variations]"
Change component parameters (AddParameter): Name = "Capacitance Tolerance"; Value = "±5%"; VariantName = "[No Variations]"
Change component parameters (AddParameter): Name = "Capacitor Case Style"; Value = "1206[3216Metric]"; VariantName = "[No Variations]"
Change component parameters (AddParameter): Name = "Capacitor Terminals"; Value = "SMD"; VariantName = "[No Variations]"
Change component parameters (AddParameter): Name = "Datasheet URL"; Value = "https://datasheet.ciiva.com/3777/11308grm31c5c1e104ja0123-3777177.pdf"; VariantName = "[No Variations]"
Change component parameters (AddParameter): Name = "Datasheet Version"; Value = "09/2014"; VariantName = "[No Variations]"
Change component parameters (AddParameter): Name = "Dielectric Characteristic"; Value = "C0G/NP0"; VariantName = "[No Variations]"
Change component parameters (AddParameter): Name = "External Length / Height"; Value = "1mm"; VariantName = "[No Variations]"
Change component parameters (AddParameter): Name = "External Width"; Value = "0.5mm"; VariantName = "[No Variations]"
Change component parameters (AddParameter): Name = "Insulation Resistance"; Value = "10000Mohm"; VariantName = "[No Variations]"
Change component parameters (AddParameter): Name = "Lead Spacing"; Value = "–"; VariantName = "[No Variations]"
Change component parameters (AddParameter): Name = "Manufacturer"; Value = "Murata"; VariantName = "[No Variations]"
Change component parameters (AddParameter): Name = "Manufacturer URL"; Value = "http://www.murata.com/"; VariantName = "[No Variations]"
Change component parameters (AddParameter): Name = "Mounting Technology"; Value = "SurfaceMount"; VariantName = "[No Variations]"
Change component parameters (AddParameter): Name = "MSL"; Value = "–"; VariantName = "[No Variations]"
Change component parameters (AddParameter): Name = "No. of Pins"; Value = "2"; VariantName = "[No Variations]"
Change component parameters (AddParameter): Name = "Operating Temperature Max"; Value = "125°C"; VariantName = "[No Variations]"
Change component parameters (AddParameter): Name = "Operating Temperature Min"; Value = "-55°C"; VariantName = "[No Variations]"
Change component parameters (AddParameter): Name = "Operating Temperature Range"; Value = "-55°Cto+125°C"; VariantName = "[No Variations]"
Change component parameters (AddParameter): Name = "Package / Case"; Value = "1206"; VariantName = "[No Variations]"
Change component parameters (AddParameter): Name = "Package Description"; Value = "2-Pin Surface Mount Device, Body 3.2 x 1.6 mm"; VariantName = "[No Variations]"
Change component parameters (AddParameter): Name = "Package Reference"; Value = "1206"; VariantName = "[No Variations]"
Change component parameters (AddParameter): Name = "Reel Quantity"; Value = "2000"; VariantName = "[No Variations]"
Change component parameters (AddParameter): Name = "SVHC"; Value = "NoSVHC(19-Dec-2012)"; VariantName = "[No Variations]"
Change component parameters (AddParameter): Name = "Temperature Coefficient"; Value = "0ppm/°C±30ppm/°C"; VariantName = "[No Variations]"
Change component parameters (AddParameter): Name = "Terminal Type"; Value = "SurfaceMount(SMD,SMT)"; VariantName = "[No Variations]"
Change component parameters (AddParameter): Name = "Tolerance +"; Value = "5%"; VariantName = "[No Variations]"
Change component parameters (AddParameter): Name = "Tolerance -"; Value = "5%"; VariantName = "[No Variations]"
Change component parameters (AddParameter): Name = "Voltage Rating"; Value = "25V"; VariantName = "[No Variations]"
Change component parameters (AddParameter): Name = "Voltage Rating V DC"; Value = "25V"; VariantName = "[No Variations]"
Change component parameters: Designator = "P1" ("P1"); Footprint = "HDR1X5H"; UniqueID = "\YZQXDICI" ("\YZQXDICI")
Change component parameters (AddParameter): Name = "Contact Resistance"; Value = "20mOhm"; VariantName = "[No Variations]"
Change component parameters (AddParameter): Name = "Datasheet URL"; Value = "https://katalog.we-online.de/em/datasheet/6130xx11021.pdf"; VariantName = "[No Variations]"
Change component parameters (AddParameter): Name = "Gender"; Value = "Male"; VariantName = "[No Variations]"
Change component parameters (AddParameter): Name = "Manufacturer"; Value = "Wurth Elektronik"; VariantName = "[No Variations]"
Change component parameters (AddParameter): Name = "Manufacturer URL"; Value = "http://www.we-online.de"; VariantName = "[No Variations]"
Change component parameters (AddParameter): Name = "Mounting Technology"; Value = "THT"; VariantName = "[No Variations]"
Change component parameters (AddParameter): Name = "Operating Temperature"; Value = "-40to105degC"; VariantName = "[No Variations]"
Change component parameters (AddParameter): Name = "Orientation"; Value = "Angled"; VariantName = "[No Variations]"
Change component parameters (AddParameter): Name = "Package Reference"; Value = "61300411021"; VariantName = "[No Variations]"
Change component parameters (AddParameter): Name = "Packaging"; Value = "Bag"; VariantName = "[No Variations]"
Change component parameters (AddParameter): Name = "Part Number"; Value = "61300411021"; VariantName = "[No Variations]"
Change component parameters (AddParameter): Name = "Pin Number"; Value = "4"; VariantName = "[No Variations]"
Change component parameters (AddParameter): Name = "Pitch"; Value = "2.54mm"; VariantName = "[No Variations]"
Change component parameters (AddParameter): Name = "Publisher"; Value = "WurthElektronik"; VariantName = "[No Variations]"
Change component parameters (AddParameter): Name = "Rated Current"; Value = "3A"; VariantName = "[No Variations]"
Change component parameters (AddParameter): Name = "Row Number"; Value = "Single"; VariantName = "[No Variations]"
Change component parameters (AddParameter): Name = "Withstanding Voltage"; Value = "500VAC"; VariantName = "[No Variations]"
Change component parameters (AddParameter): Name = "Working Voltage"; Value = "250VAC"; VariantName = "[No Variations]"
Change component parameters: Designator = "U1" ("U1"); Footprint = "STM-UFQFPN48_N"; UniqueID = "\VJYZMSYD" ("\VJYZMSYD")
Change component parameters (AddParameter): Name = "Ambient Temperature Range High"; Value = "+85°C"; VariantName = "[No Variations]"
Change component parameters (AddParameter): Name = "Ambient Temperature Range Low"; Value = "-40°C"; VariantName = "[No Variations]"
Change component parameters (AddParameter): Name = "Automotive"; Value = "No"; VariantName = "[No Variations]"
Change component parameters (AddParameter): Name = "Category"; Value = "IC"; VariantName = "[No Variations]"
Change component parameters (AddParameter): Name = "ComponentLink2Description"; Value = "Datasheet"; VariantName = "[No Variations]"
Change component parameters (AddParameter): Name = "ComponentLink2URL"; Value = "https://www.st.com/resource/en/datasheet/stm32l031g6.pdf"; VariantName = "[No Variations]"
Change component parameters (AddParameter): Name = "Core Architecture"; Value = "ARM Cortex-M0+"; VariantName = "[No Variations]"
Change component parameters (AddParameter): Name = "Data Bus Width"; Value = "32bits"; VariantName = "[No Variations]"
Change component parameters (AddParameter): Name = "Device Class L1"; Value = "Integrated Circuits (ICs)"; VariantName = "[No Variations]"
Change component parameters (AddParameter): Name = "Device Class L2"; Value = "Embedded Processors and Controllers"; VariantName = "[No Variations]"
Change component parameters (AddParameter): Name = "Device Class L3"; Value = "Microcontrollers"; VariantName = "[No Variations]"
Change component parameters (AddParameter): Name = "Digikey Description"; Value = "IC MCU 32BIT 32KB FLASH 28UFQFPN"; VariantName = "[No Variations]"
Change component parameters (AddParameter): Name = "Frequency"; Value = "32MHz"; VariantName = "[No Variations]"
Change component parameters (AddParameter): Name = "Height"; Value = "0.6mm"; VariantName = "[No Variations]"
Change component parameters (AddParameter): Name = "Interface"; Value = "I2C,SPI,UART,USART,IrDA,SMBus"; VariantName = "[No Variations]"
Change component parameters (AddParameter): Name = "Lead Free"; Value = "Yes"; VariantName = "[No Variations]"
Change component parameters (AddParameter): Name = "Manufacturer"; Value = "STMicroelectronics"; VariantName = "[No Variations]"
Change component parameters (AddParameter): Name = "Manufacturer Part Number"; Value = "STM32L031G6U6"; VariantName = "[No Variations]"
Change component parameters (AddParameter): Name = "Max Junction Temp"; Value = "+105°C"; VariantName = "[No Variations]"
Change component parameters (AddParameter): Name = "Max Supply Voltage"; Value = "3.6V"; VariantName = "[No Variations]"
Change component parameters (AddParameter): Name = "Memory Size"; Value = "32KBytes"; VariantName = "[No Variations]"
Change component parameters (AddParameter): Name = "Memory Type"; Value = "FLASH"; VariantName = "[No Variations]"
Change component parameters (AddParameter): Name = "Min Supply Voltage"; Value = "1.65V"; VariantName = "[No Variations]"
Change component parameters (AddParameter): Name = "Mouser Description"; Value = "ARM Microcontrollers - MCU Ultra-low-power ARM Cortex-M0+ MCU with 32-Kbytes Flash, 32 MHz CPU"; VariantName = "[No Variations]"
Change component parameters (AddParameter): Name = "Number Of A/D Converters"; Value = "1"; VariantName = "[No Variations]"
Change component parameters (AddParameter): Name = "Number Of Adc Channels"; Value = "10"; VariantName = "[No Variations]"
Change component parameters (AddParameter): Name = "Number Of Cores"; Value = "1"; VariantName = "[No Variations]"
Change component parameters (AddParameter): Name = "Number Of I2C Channels"; Value = "1"; VariantName = "[No Variations]"
Change component parameters (AddParameter): Name = "Number Of I/Os"; Value = "21"; VariantName = "[No Variations]"
Change component parameters (AddParameter): Name = "Number Of Spi Channels"; Value = "3"; VariantName = "[No Variations]"
Change component parameters (AddParameter): Name = "Number Of Timers/Counters"; Value = "4"; VariantName = "[No Variations]"
Change component parameters (AddParameter): Name = "Number Of Uart Channels"; Value = "2"; VariantName = "[No Variations]"
Change component parameters (AddParameter): Name = "Octopart"; Value = "https://octopart.com/stm32l031g6u6-stmicroelectronics-68582494"; VariantName = "[No Variations]"
Change component parameters (AddParameter): Name = "Package"; Value = "UFQFPN28-A0B0"; VariantName = "[No Variations]"
Change component parameters (AddParameter): Name = "Ram Size"; Value = "8KBytes"; VariantName = "[No Variations]"
Change component parameters (AddParameter): Name = "RoHS"; Value = "TRUE"; VariantName = "[No Variations]"
Change component parameters (AddParameter): Name = "Standoff Height"; Value = "0mm"; VariantName = "[No Variations]"
Change component parameters (AddParameter): Name = "Temperature"; Value = "-40°C to +105°C"; VariantName = "[No Variations]"
Change component parameters (AddParameter): Name = "Temperature Range High"; Value = "+105°C"; VariantName = "[No Variations]"
Change component parameters (AddParameter): Name = "Temperature Range Low"; Value = "-40°C"; VariantName = "[No Variations]"
Added Component: Designator=C4(FP-1206-L_3_2_0_2-W_1_6_0-IPC_B)
Add component (AddParameter): Name = "Capacitance"; Value = "1uF"; VariantName = "[No Variations]"
Add component (AddParameter): Name = "Case Code (Imperial)"; Value = "1206"; VariantName = "[No Variations]"
Add component (AddParameter): Name = "Case Code (Metric)"; Value = "3216"; VariantName = "[No Variations]"
Add component (AddParameter): Name = "Case/Package"; Value = "1206"; VariantName = "[No Variations]"
Add component (AddParameter): Name = "Construction"; Value = "Flat"; VariantName = "[No Variations]"
Add component (AddParameter): Name = "Depth"; Value = "1.6mm"; VariantName = "[No Variations]"
Add component (AddParameter): Name = "Dielectric"; Value = "X7R"; VariantName = "[No Variations]"
Add component (AddParameter): Name = "Height"; Value = "1.78mm"; VariantName = "[No Variations]"
Add component (AddParameter): Name = "Lead Free"; Value = "Lead Free"; VariantName = "[No Variations]"
Add component (AddParameter): Name = "Lead Pitch"; Value = "5.08mm"; VariantName = "[No Variations]"
Add component (AddParameter): Name = "Length"; Value = "3.2mm"; VariantName = "[No Variations]"
Add component (AddParameter): Name = "Max Operating Temperature"; Value = "125°C"; VariantName = "[No Variations]"
Add component (AddParameter): Name = "Min Operating Temperature"; Value = "-55°C"; VariantName = "[No Variations]"
Add component (AddParameter): Name = "Mount"; Value = "Surface Mount"; VariantName = "[No Variations]"
Add component (AddParameter): Name = "Number of Pins"; Value = "2"; VariantName = "[No Variations]"
Add component (AddParameter): Name = "Package Quantity"; Value = "2000"; VariantName = "[No Variations]"
Add component (AddParameter): Name = "Packaging"; Value = "Tape and Reel"; VariantName = "[No Variations]"
Add component (AddParameter): Name = "Radiation Hardening"; Value = "No"; VariantName = "[No Variations]"
Add component (AddParameter): Name = "REACH SVHC"; Value = "No SVHC"; VariantName = "[No Variations]"
Add component (AddParameter): Name = "RoHS Compliant"; Value = "Yes"; VariantName = "[No Variations]"
Add component (AddParameter): Name = "Series"; Value = "-"; VariantName = "[No Variations]"
Add component (AddParameter): Name = "Termination"; Value = "SMD/SMT"; VariantName = "[No Variations]"
Add component (AddParameter): Name = "Thickness"; Value = "0.07inch"; VariantName = "[No Variations]"
Add component (AddParameter): Name = "Tolerance"; Value = "10%"; VariantName = "[No Variations]"
Add component (AddParameter): Name = "Voltage"; Value = "100V"; VariantName = "[No Variations]"
Add component (AddParameter): Name = "Voltage Rating"; Value = "100V"; VariantName = "[No Variations]"
Add component (AddParameter): Name = "Voltage Rating (DC)"; Value = "100V"; VariantName = "[No Variations]"
Add component (AddParameter): Name = "Width"; Value = "0.063inch"; VariantName = "[No Variations]"
Added Component: Designator=R2(RESC1206(3216)_M)
Add component (AddParameter): Name = "Case-EIA"; Value = "1206"; VariantName = "[No Variations]"
Add component (AddParameter): Name = "Case-Metric"; Value = "3216"; VariantName = "[No Variations]"
Add component (AddParameter): Name = "Power"; Value = "0.25 W"; VariantName = "[No Variations]"
Add component (AddParameter): Name = "Technology"; Value = "SMT"; VariantName = "[No Variations]"
Add component (AddParameter): Name = "Tolerance"; Value = "5 %"; VariantName = "[No Variations]"
Add component (AddParameter): Name = "Value"; Value = "10000.00 Ohm"; VariantName = "[No Variations]"
Added Component: Designator=R3(RESC1206(3216)_M)
Add component (AddParameter): Name = "Case-EIA"; Value = "1206"; VariantName = "[No Variations]"
Add component (AddParameter): Name = "Case-Metric"; Value = "3216"; VariantName = "[No Variations]"
Add component (AddParameter): Name = "Power"; Value = "0.25 W"; VariantName = "[No Variations]"
Add component (AddParameter): Name = "Technology"; Value = "SMT"; VariantName = "[No Variations]"
Add component (AddParameter): Name = "Tolerance"; Value = "5 %"; VariantName = "[No Variations]"
Add component (AddParameter): Name = "Value"; Value = "10000.00 Ohm"; VariantName = "[No Variations]"
Added Pin To Net: NetName=GND Pin=C1-1
Added Pin To Net: NetName=+3.3 Pin=C1-2
Added Pin To Net: NetName=GND Pin=C3-1
Added Pin To Net: NetName=+3.3 Pin=C3-2
Added Pin To Net: NetName=+3.3 Pin=C4-1
Added Pin To Net: NetName=GND Pin=C4-2
Added Pin To Net: NetName=GND Pin=P1-4
Added Pin To Net: NetName=+3.3 Pin=R1-1
Added Pin To Net: NetName=+3.3 Pin=R2-1
Added Pin To Net: NetName=+3.3 Pin=R3-1
Added Pin To Net: NetName=CE Pin=U1-2
Added Pin To Net: NetName=CSN Pin=U1-3
Added Pin To Net: NetName=+3.3 Pin=U1-5
Added Pin To Net: NetName=nRF_IRQ Pin=U1-7
Added Pin To Net: NetName=CCS881_IRQ Pin=U1-8
Added Pin To Net: NetName=BME_CS Pin=U1-14
Added Pin To Net: NetName=SPI_MOSI Pin=U1-15
Added Pin To Net: NetName=GND Pin=U1-16
Added Pin To Net: NetName=+3.3 Pin=U1-17
Added Pin To Net: NetName=SYS_JTMS_SWDIO Pin=U1-21
Added Pin To Net: NetName=SYS_JTCK_SWCLK Pin=U1-22
Added Pin To Net: NetName=SPI_SCK Pin=U1-24
Added Pin To Net: NetName=SPI_MISO Pin=U1-25
Added Pin To Net: NetName=I2C_SCL Pin=U1-27
Added Pin To Net: NetName=I2C_SDA Pin=U1-28
Added Pin To Net: NetName=+3.3 Pin=U3-6
Added Pin To Net: NetName=GND Pin=U4-1
Change Net Name : Old Net Name=+3.3 New Net Name=+3V3
Added Pin To Net: NetName=CCS_nWAKE Pin=U1-23
Added Pin To Net: NetName=CCS_nWAKE Pin=U4-7
Added Net: Name=CCS_nWAKE
Added Pin To Net: NetName=NetR1_2 Pin=R1-2
Added Pin To Net: NetName=NetR1_2 Pin=U1-4
Added Net: Name=NetR1_2
Added Pin To Net: NetName=NetR2_2 Pin=R2-2
Added Pin To Net: NetName=NetR2_2 Pin=U1-1
Added Net: Name=NetR2_2
Added Pin To Net: NetName=NetR3_2 Pin=R3-2
Added Pin To Net: NetName=NetR3_2 Pin=U4-2
Added Net: Name=NetR3_2
Added Member To Class: ClassName=Meteostation Member=Component C4 12061C105KAT2A
Added Member To Class: ClassName=Meteostation Member=Component R2 10K 5% 1206(3216)
Added Member To Class: ClassName=Meteostation Member=Component R3 10K 5% 1206(3216)
Added Room: Name=Meteostation
